[  0.000000 Iniializing cgroup subsys cpuset
[    0.000000]nitializing croup ubsys cpu
[    0.000000] Initializing cgroup subsys pucct
[    0.000000] Linux version 4.4.0-66-generic (buildd@lgw01-28) (gcc version 5.4.0 20160609 (Ubuntu 5.4.0-6ubuntu1~16.04.4) ) #87-Ubuntu SMP Fri Mar 3 15:29:05 UTC 2017 (Ubuntu 4.4.0-66.87-generc 4.44)
[   0000000] Command line: BOOT_IMAGE=/boot/vmlinuz-4.4.0-66-genri root=ABL=cloudimg-ootfs ro console=tty1 consoe=ttS0[    0.00000] KERNEL supported cpus:
[    0.000000]   Intel GenuineIntel
[    0.000000]   AMD AuthenticAMD
[    0.000000]   Centau Centauraul
[    0.000000] x86/fpu: xste_offset[2:  576,xsta_sizes[2]:  256
[    0.000000] x86/fpu: Suporting XSAVE feature 0x01: 'x87 floating point registers'
[    0.000000] x86/fpu: Supporting XSAVE feature 0x02: 'SSE registers'
[    0.000000] x86/fpu: Suporting XSAVE feature 0x04: 'AVX registers'
[    0.000000] x86/fpu: Enabed xstate features 0x7, context size is 832 bytes, using 'standard' format.
[   0.000000] x86/fpu: Using 'lazy' PU context switches.
[    0.000000] e820: BIOS-provided physicalAM map:
[    0.0000] BIOS-e820: [mem 0x0000000000000000-0x000000000009fbff] usable
[    0.00000] BIOS-20: [mem 0x000000000009fc00-0x000000000009ffff] reserved
[    0.000000] BIOS-820: [mem 0x0000000000f0000-0x00000000000fffff] reserv
[    0.000000]BIOS-e820: [mem 0x0000000000100000-0x000000003ffeffff] usable
[    0.000000] BIOS-e820: [mem 0x000000003fff0000-0x000000003fffffff] ACPI data
[    0.000000] BIOS-e820: [mem 0x00000000fec00000-0x00000000fec00fff] reserved
[    0.000000] BIOS-e820: [mem 0x00000000fee00000-0x00000000fee00fff] resered
[    0.000000] BIOS-e820: [mem 0x00000000fffc0000-0x00000000ffffffff] reserved
[    0.000000]NX (Execute Disable) protction: active
[    0.000000] SMBIOS 2.5 present.
[    0.000000] Hypervisor detected: KVM
[    0.000000] e820: last_pfn = 0x3fff0 max_arch_pfn = 0x400000000
[    0.000000] MTRR: Disabled
[    0.000000] x86/PAT: MTRRs disabled, skipping PAT initialization too.
[    .00000] x86/PAT: Configuration [0]: WB  WT  UC- UC  WB  WT  UC- UC  
[    0.0000] CU MTRRsal blank - virtualized system.
[    0.000000] found SMP MP-table at [mem 0x0009fff0-0x0009ffff] mapped at [ffff88000009fff0]
[    0.000000] Scanning 1 areas for low memory corruption
[    0.000000] RAMDISK: [mem 0x36ad4000-0x37561fff
    0.000000] CPI Early table checksum verification disabled
[    0.000000] ACPI: RSDP 0x00000000000E0000 000024 (v02 VBOX  )
[    0.000000] ACP: XSDT 0x000000003FFF0030 00003C (v1 VBOX   VBOXXSDT 00000001 ASL  00000061)
[    0.000000] ACPI: FACP 0x000000003FFF00F0 0000F4 (v04 VBOX   VBOXFACP 00000001 ASL  00000061)
[    0.000000] ACPI: DSDT 000000003FFF0470 00210F (01 BOX   VBOXBIOS 00000002 INTL 201028)
[    0.000000] ACPI: FACS 0x000000003FFF0200 000040
[    0.000000] ACPI: FACS 0x000000003FFF0200 000040
[    0.000000] ACPI: APIC 0x000000003FFF0240 00005C (02 VBOX   VBOXAPIC 00000001 ASL  00000061)
[    0.00000] ACPI: SSDT 0x000000003FFF02A0 0001CC (v01 VBOX   VBOXCPUT 00000002 INTL 20100528)
[    0.000000] No NUM configuration found
[    0.000000] Faking a node at [mem 0x0000000000000000-0x000000003ffeffff]
[    0.000000] NODE_DATA(0) allocated [mem 0x3ffeb000-0x3ffeffff]
[    0.000000] kvm-clock: Using msrs 4b564d01 and 4b564d00
[    0.000000] kvm-clock: cpu 0, msr 0:3ffe3001, primary cpu clock
[    0.000000] kvm-clock: using sched offset of 4375498643 cycles
[    0.000000] clocksource: kvm-clock: mask: 0xffffffffffffffff max_cycles: 0x1cd42e4dffb, max_idle_ns: 881590591483 ns
[    0.000000] Zone ranges:
[    0.000000]   DMA      [mem 0x0000000000001000-0x0000000000ffffff]
[    0.000000]   DMA32    [mem 0x0000000001000000-0x000000003ffeffff]
[    0.000000]   Normal   empty
[    0.000000]   Device   empty
[    0.000000] Movable zone start for each node
[    0.000000] Early memory node ranges
[    0.000000]   node   0: [mem 0x0000000000001000-0x000000000009efff]
[    0.000000]   node   0: [mem 0x0000000000100000-0x000000003ffeffff]
[   0.000000] Initmem setup node 0 [mem 0x0000000000001000-0x000000003ffeffff]
[    0.000000] ACPI: PM-Timer IO Port: 0x4008
[    0.000000] IOAPIC[0]: apic_id 2, version 32,address 0xfec00000, GSI 0-23
[    0.000000] ACPI: INT_SRC_OVR bus 0 bus_irq 0 global_irq 2 dfl dfl)
[   0.000000] ACPI: INT_SRC_VR (bus 0 bus_irq 9 global_irq 9 high level)
[    0.000000] Using ACPI (MADT) for SMP configuration information
[   0000000] smpbootAllowing2 PUs, 0 hoplug PUs
[    0.000000] PM: Registered osvememor [em 0x00000-0x00000f]
[    0.000000] P: gistered nosave emry [em x009f000x009fff]
    .000000] PM: Registered nosave memory: [mem 0x000a0000-0x000effff]
[    0.000000] PM: Registered nosave memory: [em 0x000f0000-0x000fffff]
[   0.000000] e820: [mem 0x400000-0xebfffff] available for PCI devices
[    0.00000] Booting paravirtualized kernel on KVM
[   0.000000] clocksource: refined-jiffies: mask: 0xffffffff max_cycles: 0xffffffff, ma_idle_ns: 7645519600211568 ns
[   0.00000] setup_percpu: NR_CPUS:512 nr_cpumask_bits:512 nr_cpu_ids:2 nr_node_ids:1
[    0.000000] PERCPU: Embedded 33 pages/cpu @ffff88003fc00000 s98264 r8192 d28712 u1048576
[    0.00000] PV qspinlock hash table entries: 256 (order: 0, 4096 bytes)
[    0.000000] Built 1 zonelists in Node order, mobility grouping on.  Total pages: 257913
[    0.000000] Policy zone: DMA32
[    0.000000] Kernel command line: BOOT_IMAGE=/boot/vmlinuz-4.4.0-66-generic root=LABEL=cloudimg-rootfs ro console=tty1 console=ttyS0
[    0.000000] PID hash table entries: 4096 (order: 3, 32768 bytes)
[    0.000000] Memory: 1001768K/1048120K available (8452K kernel code, 1293K rwdata, 3980K rodata, 1488K init, 1316K bss, 46352K reserved, 0K cma-reserved)
[    0.000000] SLUB: HWalign=64, Order=0-3, MinObjects=0, CPUs=2, Nodes=1
[    0.000000] Hierarchical RCU implementation
    0.000000] 	Build-time adjustment of leaf fanou to64.
[   0.000000] 	RCU restricting CPUs from NR_CPUS=512 to nr_cpu_ids=2.
[   000000 RCU: Adjusting geometry fr rcu_fanout_leaf=64, nr_cpu_ids=2
[    0.000000] NR_IRQS:33024 nr_irqs:440 16
[    0.000000] Console: colour VGA+ 80x25
[    0.000000] console [tty1] enled
[    0.000000] console [ttyS0] enaled
[    0.000000] tsc: Detected 1599.999 MHz processor
[    4.061682] Calibrating delay loop (skipped) preset value.. 3199.99 BogoMIPS (lpj=6399996)
[    4.074384] pid_max: default: 32768 minimum: 301
[    4.082558] ACPI: Core revision 20150930
[    4.108952] ACPI: 2 ACPI AML tables successfully acquired and loaded
[    4.131901] Security Framework initialized
[    4.152034] Yama: becoming mindful.
[    4.158792] AppArmor: AppArmor initialized
[    4.182016] Dentry cache hash table entries: 131072 (order: 8, 1048576 bytes)
[    4.186198] Inode-cache hash table entries: 65536 (order: 7, 524288 bytes)
[    4.192976] Mount-cache hash table entries: 2048 (order: 2, 16384 bytes)
[    4.209573] Mountpoint-cache hash table entries: 2048 (order: 2, 16384 bytes)
[    4.246890] Initializing cgroup subsys io
[    4.256380] Initializing cgroup subsys memory
[    4.298817] Initializing cgroup subsys devices
[    4.319127] Initializing cgroup subsys freezer
[    4.322435] Initializing cgroup subsys net_cls
[    4.334359] Initializing cgroup subsys perf_event
[    4.339398] Initializing cgroup subsys net_prio
[    4.341138] Initializing cgroup subsys hugetlb
[    4.358093] Initializing cgroup subsys pids
[    4.362874] CPU: Physical Processor ID: 0
[    4.365984] CPU: Processor Core ID: 0
[    4.372222] mce: CPU supports 0 MCE banks
[    4.379038] Last level iTLB entries: 4KB 64, 2MB 8, 4MB 8
[    4.390937] Last level dTLB entries: 4KB 64, 2MB 0, 4MB 0, 1GB 4
[    4.400967] Freeing SMP alternatives memory: 32K (ffffffff820b9000 - ffffffff820c1000)
[    4.422266] ftrace: allocating 32123 entries in 126 pages
[    4.501205] smpboot: APIC(0) Converting physical 0 to logical package 0
[    4.529179] smpboot: Max logical packages: 1
[    4.550043] x2apic enabled
[    4.554669] Switched APIC routing to physical x2apic.
[    4.571045] ..TIMER: vector=0x30 apic1=0 pin1=2 apic2=-1 pin2=-1
[    4.697719] smpboot: CPU0: Intel(R) Core(TM) i5-5250U CPU @ 1.60GHz (family: 0x6, model: 0x3d, stepping: 0x4)
[    4.738986] Performance Events: unsupported p6 CPU model 61 no PMU driver, software events only.
[    4.764518] KVM setup paravirtual spinlock
[    4.781143] x86: Booting SMP configuration:
[    4.796963] .... node  #0, CPUs:      #1
[    4.824171] kvm-clock: cpu 1, msr 0:3ffe3041, secondary cpu clock
[    4.867126] mce: CPU supports 0 MCE banks
[    4.880287] x86: Booted up 1 node, 2 CPUs
[    4.889630] smpboot: Total of 2 processors activated (6399.99 BogoMIPS)
[    4.902432] devtmpfs: initialized
[    4.916557] evm: security.selinux
[    4.926022] evm: security.SMACK64
[    4.928526] evm: security.SMACK64EXEC
[    4.931915] evm: security.SMACK64TRANSMUTE
[    4.950155] evm: security.SMACK64MMAP
[    4.958233] evm: security.ima
[    4.961028] evm: security.capability
[    4.972782] clocksource: jiffies: mask: 0xffffffff max_cycles: 0xffffffff, max_idle_ns: 7645041785100000 ns
[    4.977512] pinctrl core: initialized pinctrl subsystem
[    4.981251] RTC time:  4:17:16, date: 04/03/17
[    4.992083] NET: Registered protocol family 16
[    5.039755] cpuidle: using governor ladder
[    5.052345] cpuidle: using governor menu
[    5.058789] PCCT header not found.
[    5.061436] ACPI: bus type PCI registered
[    5.063177] acpiphp: ACPI Hot Plug PCI Controller Driver version: 0.5
[    5.074267] PCI: Using configuration type 1 for base access
[    5.105903] ACPI: Added _OSI(Module Device)
[    5.107452] ACPI: Added _OSI(Processor Device)
[    5.111010] ACPI: Added _OSI(3.0 _SCP Extensions)
[    5.112327] ACPI: Added _OSI(Processor Aggregator Device)
[    5.114834] ACPI: Executed 1 blocks of module-level executable AML code
[    5.127958] ACPI: Interpreter enabled
[    5.132541] ACPI: (supports S0 S5)
[    5.138452] ACPI: Using IOAPIC for interrupt routing
[    5.154073] PCI: Using host bridge windows from ACPI; if necessary, use "pci=nocrs" and report a bug
[    5.185993] ACPI: PCI Root Bridge [PCI0] (domain 0000 [bus 00-ff])
[    5.224929] acpi PNP0A03:00: _OSC: OS supports [ASPM ClockPM Segments MSI]
[    5.244133] acpi PNP0A03:00: _OSC failed (AE_NOT_FOUND); disabling ASPM
[    5.284110] acpi PNP0A03:00: fail to add MMCONFIG information, can't access extended PCI configuration space under this bridge.
[    5.323845] PCI host bridge to bus 0000:00
[    5.324974] pci_bus 0000:00: root bus resource [io  0x0000-0x0cf7 window]
[    5.326584] pci_bus 0000:00: root bus resource [io  0x0d00-0xffff window]
[    5.346365] pci_bus 0000:00: root bus resource [mem 0x000a0000-0x000bffff window]
[    5.380502] pci_bus 0000:00: root bus resource [mem 0x40000000-0xffdfffff window]
[    5.413864] pci_bus 0000:00: root bus resource [bus 00-ff]
[    5.428836] pci 0000:00:01.1: legacy IDE quirk: reg 0x10: [io  0x01f0-0x01f7]
[    5.454458] pci 0000:00:01.1: legacy IDE quirk: reg 0x14: [io  0x03f6]
[    5.462477] pci 0000:00:01.1: legacy IDE quirk: reg 0x18: [io  0x0170-0x0177]
[    5.467387] pci 0000:00:01.1: legacy IDE quirk: reg 0x1c: [io  0x0376]
[    5.504491] pci 0000:00:07.0: quirk: [io  0x4000-0x403f] claimed by PIIX4 ACPI
[    5.528881] pci 0000:00:07.0: quirk: [io  0x4100-0x410f] claimed by PIIX4 SMB
[    5.546438] ACPI: PCI Interrupt Link [LNKA] (IRQs 5 9 10 *11)
[    5.555906] ACPI: PCI Interrupt Link [LNKB] (IRQs 5 9 10 *11)
[    5.587565] ACPI: PCI Interrupt Link [LNKC] (IRQs 5 9 *10 11)
[    5.602386] ACPI: PCI Interrupt Link [LNKD] (IRQs 5 *9 10 11)
[    5.623464] ACPI: Enabled 2 GPEs in block 00 to 07
[    5.635460] vgaarb: setting as boot device: PCI:0000:00:02.0
[    5.642047] vgaarb: device added: PCI:0000:00:02.0,decodes=io+mem,owns=io+mem,locks=none
[    5.663981] vgaarb: loaded
[    5.673095] vgaarb: bridge control possible 0000:00:02.0
[    5.695768] SCSI subsystem initialized
[    5.706056] ACPI: bus type USB registered
[    5.716231] usbcore: registered new interface driver usbfs
[    5.733569] usbcore: registered new interface driver hub
[    5.748069] usbcore: registered new device driver usb
[    5.754277] PCI: Using ACPI for IRQ routing
[    5.760126] NetLabel: Initializing
[    5.775793] NetLabel:  domain hash size = 128
[    5.779460] NetLabel:  protocols = UNLABELED CIPSOv4
[    5.789742] NetLabel:  unlabeled traffic allowed by default
[    5.806298] amd_nb: Cannot enumerate AMD northbridges
[    5.813716] clocksource: Switched to clocksource kvm-clock
[   5.3432 ApAmor: AppAror FilesytemEnabed
[    6.163658] pnp: PnP ACPI init
[   .1596] pnp: nPCP: oun 3deves

[    6.541363] clocksource: acpi_pm: mask: 0xffffff max_cycles: 0xffffff, max_idle_ns: 2085701024 ns
[    6.572059] NET: Registered protocol family 2
[    6.638569] TCP established hash table entries: 8192 (order: 4, 65536 bytes)
[    6.699037] TCP bind hash table entries: 8192 (order: 5, 131072 bytes)
[    6.740162] TCP: Hash tables configured (established 8192 bind 8192)
[    6.742004] UDP hash table entries: 512 (order: 2, 16384 bytes)
[    6.744046] UDP-Lite hash table entries: 512 (order: 2, 16384 bytes)
[    6.747365] NET: Registered protocol family 1
[    6.750768] pci 0000:00:00.0: Limiting direct PCI/PCI transfers
[    6.759452] pci 0000:00:01.0: Activating ISA DMA hang workarounds
[    6.765899] Trying to unpack rootfs image as initramfs...
[    9.068656] Freeing initrd memory: 10808K (ffff880036ad4000 - ffff880037562000)
[    9.076159] RAPL PMU detected, API unit is 2^-32 Joules, 4 fixed counters 10737418240 ms ovfl timer
[    9.091210] hw unit of domain pp0-core 2^-0 Joules
[    9.127067] hw unit of domain package 2^-0 Joules
[    9.137163] hw unit of domain dram 2^-0 Joules
[    9.159020] hw unit of domain pp1-gpu 2^-0 Joules
[    9.164124] platform rtc_cmos: registered platform RTC device (no PNP device found)
[    9.182095] Scanning for low memory corruption every 60 seconds
[    9.187396] futex hash table entries: 512 (order: 3, 32768 bytes)
[    9.195077] audit: initializing netlink subsys (disabled)
[    9.196909] audit: type=2000 audit(1491193041.730:1): initialized
[    9.227458] Initialise system trusted keyring
[    9.238937] HugeTLB registered 2 MB page size, pre-allocated 0 pages
[    9.245195] zbud: loaded
[    9.262088] VFS: Disk quotas dquot_6.6.0
[    9.272995] VFS: Dquot-cache hash table entries: 512 (order 0, 4096 bytes)
[    9.300355] squashfs: version 4.0 (2009/01/31) Phillip Lougher
[    9.324267] fuse init (API version 7.23)
[    9.344900] Key type big_key registered
[    9.368680] Allocating IMA MOK and blacklist keyrings.
[    9.380925] Key type asymmetric registered
[    9.388354] Asymmetric key parser 'x509' registered
[    9.419150] Block layer SCSI generic (bsg) driver version 0.4 loaded (major 249)
[    9.468133] io scheduler noop registered
[    9.469349] io scheduler deadline registered (default)
[    9.486828] io scheduler cfq registered
[    9.531197] pci_hotplug: PCI Hot Plug PCI Core version: 0.5
[    9.549586] pciehp: PCI Express Hot Plug Controller Driver version: 0.4
[    9.590198] ACPI: AC Adapter [AC] (off-line)
[    9.604355] input: Power Button as /devices/LNXSYSTM:00/LNXPWRBN:00/input/input0
[    9.620847] ACPI: Power Button [PWRF]
[    9.640887] input: Sleep Button as /devices/LNXSYSTM:00/LNXSLPBN:00/input/input1
[    9.645321] ACPI: Sleep Button [SLPF]
[    9.657962] GHES: HEST is not enabled!
[    9.659488] ACPI: Battery Slot [BAT0] (battery present)
[    9.666445] Serial: 8250/16550 driver, 32 ports, IRQ sharing enabled
[    9.721278] 00:02: ttyS0 at I/O 0x3f8 (irq = 4, base_baud = 115200) is a 16550A
[    9.750246] Linux agpgart interface v0.103
[    9.763823] brd: module loaded
[    9.769878] loop: module loaded
[    9.780420] scsi host0: ata_piix
[    9.783462] scsi host1: ata_piix
[    9.788494] ata1: PATA max UDMA/33 cmd 0x1f0 ctl 0x3f6 bmdma 0xd000 irq 14
[    9.800070] ata2: PATA max UDMA/33 cmd 0x170 ctl 0x376 bmdma 0xd008 irq 15
[    9.812678] libphy: Fixed MDIO Bus: probed
[    9.822101] tun: Universal TUN/TAP device driver, 1.6
[    9.833403] tun: (C) 1999-2004 Max Krasnyansky <maxk@qualcomm.com>
[    9.849205] PPP generic driver version 2.4.2
[    9.850950] ehci_hcd: USB 2.0 'Enhanced' Host Controller (EHCI) Driver
[    9.859296] ehci-pci: EHCI PCI platform driver
[    9.861054] ehci-platform: EHCI generic platform driver
[    9.863103] ohci_hcd: USB 1.1 'Open' Host Controller (OHCI) Driver
[    9.865151] ohci-pci: OHCI PCI platform driver
[    9.866966] ohci-platform: OHCI generic platform driver
[    9.869418] uhci_hcd: USB Universal Host Controller Interface driver
[    9.876841] i8042: PNP: PS/2 Controller [PNP0303:PS2K,PNP0f03:PS2M] at 0x60,0x64 irq 1,12
[    9.893355] serio: i8042 KBD port at 0x60,0x64 irq 1
[    9.908367] serio: i8042 AUX port at 0x60,0x64 irq 12
[    9.913250] mousedev: PS/2 mouse device common for all mice
[    9.924393] input: AT Translated Set 2 keyboard as /devices/platform/i8042/serio0/input/input2
[    9.928510] rtc_cmos rtc_cmos: rtc core: registered rtc_cmos as rtc0
[    9.955220] rtc_cmos rc_cmos: alarms up to one dy,11 btenvram
[   11683 t: RefinedTS ccksocecalbratio 10.6 MHz

[   10.162833] cocksourc: tscmask: 0xffffffffffffffff maax_cycles: 0x1711f987114, maidle_ns: 440795210639 ns

[   11.108461] i2c /dev entries driver
[   11.111437] device-mapper: uevent: version 1.0.3
[   11.113795] device-mapper: ioctl: 4.34.0-ioctl (2015-10-28) initialised: dm-devel@redhat.com
[   11.119794] ledtrig-cpu: registered to indicate activity on CPUs
[   11.124897] NET: Registered protocol family 10
[   11.136593] NET: Registered protocol family 17
[   11.164390] Key type dns_resolver registered
[   11.203441] microcode: CPU0 sig=0x306d4, pf=0x40, revision=0x0
[   11.222753] microcode: CPU1 sig=0x306d4, pf=0x40, revision=0x0
[   11.241797] microcode: Microcode Update Driver: v2.01 <tigran@aivazian.fsnet.co.uk>, Peter Oruba
[   11.278918] registered taskstats version 1
[   11.290455] Loading compiled-in X.509 certificates
[   11.296624] Loaded X.509 cert 'Build time autogenerated kernel key: 32ca4feee90b5cde51f5f8c0e024b22f8c679982'
[   11.307086] zswap: loaded using pool lzo/zbud
[   11.316828] Key type trusted registered
[   11.333568] Key type encrypted registered
[   11.340630] AppArmor: AppArmor sha1 policy hashing enabled
[   11.348339] ima: No TPM chip found, activating TPM-bypass!
[   11.359219] evm: HMAC attrs: 0x1
[   11.362192]   Magic number: 13:352:261
[   11.387626] rtc_cmos rtc_cmos: setting system clock to 2017-04-03 04:17:22 UTC (1491193042)
[   11.395627] BIOS EDD facility v0.16 2004-Jun-25, 0 devices found
[   11.404995] EDD information not available.
[   11.417628] Freeing unused kernel memory: 1488K (ffffffff81f45000 - ffffffff820b9000)
[   11.440266] Write protecting the kernel read-only data: 14336k
[   11.445054] Freeing unused kernel memory: 1776K (ffff880001844000 - ffff880001a00000)
[   11.458406] Freeing unused kernel memory: 116K (ffff880001de3000 - ffff880001e00000)
Loading, please wait...
starting version[   11.508036] random: systemd-udevd: uninitialized urandom read (16 bytes read, 7 bits of entropy available)
 229
[   11.508828] random: udevadm: uninitialized urandom read (16 bytes read, 7 bits of entropy available)
[   11.508894] random: udevadm: uninitialized urandom read (16 bytes read, 7 bits of entropy available)
[   11.509090] random: udevadm: uninitialized urandom read (16 bytes read, 7 bits of entropy available)
[   11.509165] random: udevadm: uninitialized urandom read (16 bytes read, 7 bits of entropy available)
[   11.509234] random: udevadm: uninitialized urandom read (16 bytes read, 7 bits of entropy available)
[   11.509298] random: udevadm: uninitialized urandom read (16 bytes read, 7 bits of entropy available)
[   11.509363] random: udevadm: uninitialized urandom read (16 bytes read, 7 bits of entropy available)
[   11.509429] random: udevadm: uninitialized urandom read (16 bytes read, 7 bits of entropy available)
[   11.509491] random: udevadm: uninitialized urandom read (16 bytes read, 7 bits of entropy available)
[   11.727478] e1000: Intel(R) PRO/1000 Network Driver - version 7.3.21-k8-NAPI
[   11.969011] e1000: Copyright (c) 1999-2006 Intel Corporation.
[   11.984265] Fusion MPT base driver 3.04.20
[   11.995796] Copyright (c) 1999-2008 LSI Corporation
[   12.013831] Fusion MPT SPI Host driver 3.04.20
[   12.072755] AVX version of gcm_enc/dec engaged.
[   12.076004] AES CTR mode by8 optimization enabled
[   12.225414] input: ImExPS/2 Generic Explorer Mouse as /devices/platform/i8042/serio1/input/input4
[   12.635442] e1000 0000:00:03.0 eth0: (PCI:33MHz:32-bit) 02:80:7e:dd:5c:ef
[   12.647885] e1000 0000:00:03.0 eth0: Intel(R) PRO/1000 Network Connection
[   12.651124] mptbase: ioc0: Initiating bringup
[   12.718871] ioc0: LSI53C1030 A0: Capabilities={Initiator}
[   12.889086] scsi host2: ioc0: LSI53C1030 A0, FwRev=00000000h, Ports=1, MaxQ=256, IRQ=20
[   13.043653] scsi 2:0:0:0: Direct-Access     VBOX     HARDDISK         1.0  PQ: 0 ANSI: 5
[   13.092420] scsi target2:0:0: Beginning Domain Validation
[   13.100307] scsi target2:0:0: Domain Validation skipping write tests
[   13.110212] scsi target2:0:0: Ending Domain Validation
[   13.113423] scsi target2:0:0: asynchronous
[   13.118080] scsi 2:0:1:0: Direct-Access     VBOX     HARDDISK         1.0  PQ: 0 ANSI: 5
[   13.126496] scsi target2:0:1: Beginning Domain Validation
[   13.131540] scsi target2:0:1: Domain Validation skipping write tests
[   13.138702] scsi target2:0:1: Ending Domain Validation
[   13.140740] scsi target2:0:1: asynchronous
[   13.258938] sd 2:0:0:0: Attached scsi generic sg0 type 0
[   13.275546] sd 2:0:1:0: [sdb] 20480 512-byte logical blocks: (10.5 MB/10.0 MiB)
[   13.295550] sd 2:0:1:0: Attached scsi generic sg1 type 0
[   13.296608] sd 2:0:0:0: [sda] 20971520 512-byte logical blocks: (10.7 GB/10.0 GiB)
[   13.321040] sd 2:0:0:0: [sda] Write Protect is off
[   13.321054] sd 2:0:1:0: [sdb] Write Protect is off
[   13.323605] sd 2:0:1:0: [sdb] Incomplete mode parameter data
[   13.323609] sd 2:0:1:0: [sdb] Assuming drive cache: write through
[   13.338317] sd 2:0:1:0: [sdb] Attached SCSI disk
[   13.395468] sd 2:0:0:0: [sda] Incomplete mode parameter data
[   13.399935] sd 2:0:0:0: [sda] Assuming drive cache: write through
[   13.405889]  sda: sda1
[   13.413125] sd 2:0:0:0: [sda] Attached SCSI disk
[   13.514236] e1000 0000:00:08.0 eth1: (PCI:33MHz:32-bit) 08:00:27:fc:c9:30
[   13.544782] e1000 0000:00:08.0 eth1: Intel(R) PRO/1000 Network Connection
[   13.568098] e1000 0000:00:08.0 enp0s8: renamed from eth1
[   13.595248] e1000 0000:00:03.0 enp0s3: renamed from eth0
[   14.987007] floppy0: no floppy controllers found
Begin: Loading e[   16.454622] md: linear personality registered for level -1
ssential drivers ... [   16.492216] md: multipath personality registered for level -4
[   16.499630] md: raid0 personality registered for level 0
[   16.530762] md: raid1 personality registered for level 1
[   16.609972] raid6: sse2x1   gen()  6500 MB/s
[   16.693778] raid6: sse2x1   xor()  4023 MB/s
[   16.765909] raid6: sse2x2   gen()  6807 MB/s
[   16.842057] raid6: sse2x2   xor()  4627 MB/s
[   16.921973] raid6: sse2x4   gen()  8053 MB/s
[   16.994261] raid6: sse2x4   xor()  6325 MB/s
[   16.999742] raid6: using algorithm sse2x4 gen() 8053 MB/s
[   17.024349] raid6: .... xor() 6325 MB/s, rmw enabled
[   17.027534] raid6: using ssse3x2 recovery algorithm
[   17.034962] xor: automatically using best checksumming function:
[   17.118217]    avx       : 12644.000 MB/sec
[   17.142334] async_tx: api initialized (async)
[   17.175828] md: raid6 personality registered for level 6
[   17.203114] md: raid5 personality registered for level 5
[   17.208483] md: raid4 personality registered for level 4
[   17.227619] md: raid10 personality registered for level 10
done.
Begin: Running /scripts/init-premount ... done.
Begin: Mounting root file system ... Begin: Running /scripts/local-top ... done.
Begin: Running /scripts/local-premount ... [   17.278509] Btrfs loaded
Scanning for Btrfs filesystems
done.
Warning: fsck not present, so sk[   17.375048] EXT4-fs (sda1): INFO: recovery required on readonly filesystem
ipping root file[   17.392801] EXT4-fs (sda1): write access will be enabled during recovery
 system
[   17.436455] EXT4-fs (sda1): recovery complete
[   17.443916] EXT4-fs (sda1): mounted filesystem with ordered data mode. Opts: (null)
done.
Begin: Running /scripts/local-bottom ... done.
Begin: Running /scripts/init-bottom ... done.
[   17.604002] systemd[1]: systemd 229 running in system mode. (+PAM +AUDIT +SELINUX +IMA +APPARMOR +SMACK +SYSVINIT +UTMP +LIBCRYPTSETUP +GCRYPT +GNUTLS +ACL +XZ -LZ4 +SECCOMP +BLKID +ELFUTILS +KMOD -IDN)
[   17.799532] systemd[1]: Detected virtualization oracle.
[   17.811875] systemd[1]: Detected architecture x86-64.

Welcome to [1mUbuntu 16.04.2 LTS[0m!

[   17.861707] systemd[1]: Set hostname to <ubuntu-xenial>.
[   18.430971] systemd[1]: Listening on /dev/initctl Compatibility Named Pipe.
[[0;32m  OK  [0m] Listening on /dev/initctl Compatibility Named Pipe.
[   18.498228] systemd[1]: Listening on Device-mapper event daemon FIFOs.
[[0;32m  OK  [0m] Listening on Device-mapper event daemon FIFOs.
[   18.574755] systemd[1]: Created slice User and Session Slice.
[[0;32m  OK  [0m] Created slice User and Session Slice.
[   18.586938] systemd[1]: Listening on Journal Socket (/dev/log).
[[0;32m  OK  [0m] Listening on Journal Socket (/dev/log).
[   18.606341] systemd[1]: Listening on LVM2 metadata daemon socket.
[[0;32m  OK  [0m] Listening on LVM2 metadata daemon socket.
[   18.658734] systemd[1]: Reached target User and Group Name Lookups.
[[0;32m  OK  [0m] Reached target User and Group Name Lookups.
[   18.714536] systemd[1]: Set up automount Arbitrary Executable File Formats File System Automount Point.
[[0;32m  OK  [0m] Set up automount Arbitrary Executab...ats File System Automount Point.
[   18.790362] systemd[1]: Listening on LVM2 poll daemon socket.
[[0;32m  OK  [0m] Listening on LVM2 poll daemon socket.
[   18.818325] systemd[1]: Reached target Encrypted Volumes.
[[0;32m  OK  [0m] Reached target Encrypted Volumes.
[   18.894287] systemd[1]: Listening on Syslog Socket.
[[0;32m  OK  [0m] Listening on Syslog Socket.
[   18.931760] systemd[1]: Listening on udev Control Socket.
[[0;32m  OK  [0m] Listening on udev Control Socket.
[   18.973763] systemd[1]: Listening on udev Kernel Socket.
[[0;32m  OK  [0m] Listening on udev Kernel Socket.
[   19.022924] systemd[1]: Created slice System Slice.
[[0;32m  OK  [0m] Created slice System Slice.
[   19.071531] systemd[1]: Created slice system-serial\x2dgetty.slice.
[[0;32m  OK  [0m] Created slice system-serial\x2dgetty.slice.
[   19.133769] systemd[1]: Reached target Slices.
[[0;32m  OK  [0m] Reached target Slices.
[   19.193103] systemd[1]: Started Forward Password Requests to Wall Directory Watch.
[[0;32m  OK  [0m] Started Forward Password Requests to Wall Directory Watch.
[   19.318806] systemd[1]: Created slice system-postgresql.slice.
[[0;32m  OK  [0m] Created slice system-postgresql.slice.
[   19.398653] systemd[1]: Listening on Journal Socket.
[[0;32m  OK  [0m] Listening on Journal Socket.
[   19.438986] random: nonblocking pool is initialized
[   19.482480] systemd[1]: Starting Load Kernel Modules...
         Startin[   19.505912] Loading iSCSI transport class v2.0-870.
g Load Kernel Modules...
[   19.551177] systemd[1]: Starting Monitoring of LVM2 mirrors, snapshots etc. using dmeventd or progress polling...
         [   19.606868] iscsi: registered transport (tcp)
Starting Monitoring of LVM2 mirrors... dmeventd or progress polling...
[   19.670046] systemd[1]: Starting Remount Root and Kernel File Systems...
[   19.707738] iscsi: registeed transort (ser)

         Starting Remount Root and Kernel File Systems...
[   19.819601] systemd[1]: Mounting POSIX Message Queue File System...
[   19.844686] EXT4-fs (sda1): re-mounted. Opts: (null)
         Mounting POSIX Message Queue File System...
[   19.906319] systemd[1]: Starting Nameserver information manager...
         Starting Nameserver information manager...
[   19.935841] systemd[1]: Mounting Debug File System...
         Mounting Debug File System...
[   19.986689] systemd[1]: Starting Create list of required static device nodes for the current kernel...
         Starting Create list of required st... nodes for the current kernel...
[   20.028838] systemd[1]: Mounting Huge Pages File System...
         Mounting Huge Pages File System...
[   20.082218] systemd[1]: Reached target Swap.
[[0;32m  OK  [0m] Reached target Swap.
[   20.095452] systemd[1]: Starting Set console keymap...
         Starting Set console keymap...
[   20.166307] systemd[1]: Starting Uncomplicated firewall...
         Starting Uncomplicated firewall...
[   20.95965 sytemd[1]: Listening n Journal Audit Socket.

[[0;32m  OK  [0m] Listening on Journal Audit Socket.
[   20.390245] systemd[1]: Starting Journal Service...
         Starting Journal Service...
[   20.431697] systemd[1]: Mounted Huge Pages File System.
[[0;32m  OK  [0m] Mounted Huge Pages File System.
[   20.446427] systemd[1]: Mounted POSIX Message Queue File System.
[[0;32m  OK  [0m] Mounted POSIX Message Queue File System.
[   20.478718] systemd[1]: Mounted Debug File System.
[[0;32m  OK  [0m] Mounted Debug File System.
[   20.510461] systemd[1]: Started Journa Sevice.

[[0;32m  OK  [0m] Started Journal Service.
[[0;32m  OK  [0m] Started Load Kernel Modules.
[[0;32m  OK  [0m] Started Remount Root and Kernel File Systems.
[[0;32m  OK  [0m] Started Create list of required sta...ce nodes for the current kernel.
[[0;32m  OK  [0m] Started Set console keymap.
[[0;32m  OK  [0m] Started Uncomplicated firewall.
[[0;32m  OK  [0m] Started Nameserver information manager.
[[0;32m  OK  [0m] Started LVM2 metadata daemon.
         Starting Create Static Device Nodes in /dev...
         Starting udev Coldplug all Devices...
         Starting Initial cloud-init job (pre-networking)...
         Starting Load/Save Random Seed...
         Mounting FUSE Control File System...
         Starting Apply Kernel Variables...
         Starting Flush Journal to Persistent Storage...
[[0;32m  OK  [0m] Mounted FUSE Control File System.
[[0;32m  OK  [0m] Started Create Static Device Nodes in /dev.
[[0;32m  OK  [0m] Started Load/Save Random Seed.
[[0;32m  OK  [0m] Started Apply Kernel Variables.
[[0;32m  OK  [0m] Started udev Coldplug all Devices.
[[0;32m  OK  [0m] Started Flush Journal to Persistent Storage.
         Starting udev Kernel Device Manager...
[[0;32m  OK  [0m] Started Monitoring of LVM2 mirrors,...ng dmeventd or progress polling.
[[0;32m  OK  [0m] Started udev Kernel Device Manager.
[[0;32m  OK  [0m] Reached target Local File Systems (Pre).
[[0;32m  OK  [0m] Reached target Local File Systems.
         Starting Create Volatile Files and Directories...
         Starting LSB: AppArmor initialization...
         Starting Tell Plymouth To Write Out Runtime Data...
         Starting Set console font and keymap...
[[0;32m  OK  [0m] Started Dispatch Password Requests to Console Directory Watch.
[[0;32m  OK  [0m] Started Create Volatile Files and Directories.
[[0;32m  OK  [0m] Started Tell Plymouth To Write Out Runtime Data.
[[0;32m  OK  [0m] Reached target System Time Synchronized.
         Starting Update UTMP about System Boot/Shutdown...
[[0;32m  OK  [0m] Started Update UTMP about System Boot/Shutdown.
[[0;32m  OK  [0m] Found device /dev/ttyS0.
[[0;32m  OK  [0m] Found device 82540EM Gigabit Ethern...r (PRO/1000 MT Desktop Adapter).
[[0;32m  OK  [0m] Found device 82540EM Gigabit Ethern...r (PRO/1000 MT Desktop Adapter).
[[0;32m  OK  [0m] Started Set console font and keymap.
[[0;32m  OK  [0m] Created slice system-getty.slice.
[[0;32m  OK  [0m] Started LSB: AppArmor initialization.
[[0;32m  OK  [0m] Listening on Load/Save RF Kill Switch Status /dev/rfkill Watch.
[   49.532368] cloud-init[487]: Cloud-init v. 0.7.9 running 'init-local' at Mon, 03 Apr 2017 04:18:05 +0000. Up 48.79 seconds.
[[0;32m  OK  [0m] Started Initial cloud-init job (pre-networking).
[[0;32m  OK  [0m] Reached target Network (Pre).
[[0;32m  OK  [0m] Started ifup for enp0s8.
[[0;32m  OK  [0m] Started ifup for enp0s3.
         Starting Raise network interfaces...
[    [0;31m*[0;1;31m*[0m] A start job is running for Raise network interfaces (41s / 5min 36s)[K[   [0;31m*[0;1;31m*[0m[0;31m*[0m] A start job is running for Raise network interfaces (42s / 5min 36s)[K[  [0;31m*[0;1;31m*[0m[0;31m* [0m] A start job is running for Raise network interfaces (42s / 5min 36s)[K[ [0;31m*[0;1;31m*[0m[0;31m*  [0m] A start job is running for Raise network interfaces (43s / 5min 36s)[K[[0;31m*[0;1;31m*[0m[0;31m*   [0m] A start job is running for Raise network interfaces (43s / 5min 36s)[K[[0;1;31m*[0m[0;31m*    [0m] A start job is running for Raise network interfaces (44s / 5min 36s)[K[[0m[0;31m*     [0m] A start job is running for Raise network interfaces (45s / 5min 36s)[K[[0;1;31m*[0m[0;31m*    [0m] A start job is running for Raise network interfaces (45s / 5min 36s)[K[[0;31m*[0;1;31m*[0m[0;31m*   [0m] A start job is running for Raise network interfaces (46s / 5min 36s)[K[ [0;31m*[0;1;31m*[0m[0;31m*  [0m] A start job is running for Raise network interfaces (46s / 5min 36s)[K[  [0;31m*[0;1;31m*[0m[0;31m* [0m] A start job is running for Raise network interfaces (47s / 5min 36s)[K[   [0;31m*[0;1;31m*[0m[0;31m*[0m] A start job is running for Raise network interfaces (47s / 5min 36s)[K[    [0;31m*[0;1;31m*[0m] A start job is running for Raise network interfaces (48s / 5min 36s)[K[     [0;31m*[0m] A start job is running for Raise network interfaces (48s / 5min 36s)[K[    [0;31m*[0;1;31m*[0m] A start job is running for Raise network interfaces (49s / 5min 36s)[K[   [0;31m*[0;1;31m*[0m[0;31m*[0m] A start job is running for Raise network interfaces (49s / 5min 36s)[K[  [0;31m*[0;1;31m*[0m[0;31m* [0m] A start job is running for Raise network interfaces (50s / 5min 36s)[K[ [0;31m*[0;1;31m*[0m[0;31m*  [0m] A start job is running for Raise network interfaces (51s / 5min 36s)[K[[0;31m*[0;1;31m*[0m[0;31m*   [0m] A start job is running for Raise network interfaces (51s / 5min 36s)[K[[0;32m  OK  [0m] Started Raise network interfaces.
[[0;32m  OK  [0m] Reached target Network.
         Starting Initial cloud-init job (metadata service crawler)...
[   67.536290] cloud-init[1195]: Cloud-init v. 0.7.9 running 'init' at Mon, 03 Apr 2017 04:18:22 +0000. Up 66.15 seconds.
[   67.596874] cloud-init[1195]: ci-info: ++++++++++++++++++++++++++++++++++++++Net device info++++++++++++++++++++++++++++++++++++++
[   67.664788] [cloud-init[0;32m  OK  [0m[1195]: ] ci-info: +--------+------+-----------------------------+---------------+-------+-------------------+Started Initial cloud-init job (metadata service crawler).

[   67.777251] [cloud-init[0;32m  OK  [0m[1195]: ] ci-info: | Device |  Up  |           Address           |      Mask     | Scope |     Hw-Address    |Reached target Cloud-config availability.

[   67.778222] [cloud-init[0;32m  OK  [0m[1195]: ] ci-info: +--------+------+-----------------------------+---------------+-------+-------------------+Reached target Network is Online.

[   67.821814] cloud-init[1195]: ci-info: | enp0s8 | True |         172.28.128.3        | 255.255.255.0 |   .   | 08:00:27:fc:c9:30 |
         Starting iSCSI initiator daemon (iscsid)...
[[0;32m  OK  [0m] Reached target System Initialization.
         Starting Socket activation for snappy daemon.
[[0;32m  OK  [0m] Listening on ACPID Listen Socket.
[[0;32m  OK  [0m] Started Trigger resolvconf update for networkd DNS.
[   67.936096] cloud-init[1195]: ci-info: | enp0s8 | True | fe80::a00:27ff:fefc:c930/64 |       .       |  link | 08:00:27:fc:c9:30 |
[   68.232253] cloud-init[1195]: ci-info: |   lo   | True |          127.0.0.1          |   255.0.0.0   |   .   |         .         |
[[0;32m  OK  [0m] Started Timer to automatically refresh installed snaps.
[   68.233418] [[0;32m  OK  [0m] Started Daily apt activities.
         Starting LXD - unix socket.
cloud-init[1195]: ci-info: |   lo   | True |           ::1/128           |       .       |  host |         .         |
[   68.370750] [cloud-init[0;32m  OK  [0m[1195]: ] ci-info: | enp0s3 | True |          10.0.2.15          | 255.255.255.0 |   .   | 02:80:7e:dd:5c:ef |Started Daily Cleanup of Temporary Directories.

[   68.371534] [cloud-init[0;32m  OK  [0m[1195]: ] ci-info: | enp0s3 | True |  fe80::80:7eff:fedd:5cef/64 |       .       |  link | 02:80:7e:dd:5c:ef |Reached target Timers.

[   68.409822] cloud-init[1195]: ci-info: +--------+------+-----------------------------+---------------+-------+-------------------+[
[0;32m  OK  [0m] Listening on UUID daemon activation socket.
[   68.721584] cloud-init[1195]: ci-info: ++++++++++++++++++++++++++++Route IPv4 info++++++++++++++++++++++++++++
[[0;32m  OK  [0m] Listening on D-Bus System Message Bus Socket.
[   68.722754] cloud-init[1195]: ci-info: +-------+--------------+----------+---------------+-----------+-------+
[   68.870942] [cloud-init[0;32m  OK  [0m[1195]: ] ci-info: | Route | Destination  | Gateway  |    Genmask    | Interface | Flags |Started ACPI Events Check.

[[0;32m  OK  [0m] Reached target Paths.
[   68.872882] cloud-init[1195]: ci-info: +-------+--------------+----------+---------------+-----------+-------+
[[0;32m  OK  [0m] Listening on Socket activation for snappy daemon.
[   69.093338] [cloud-init[0;32m  OK  [0m[1195]: ] ci-info: |   0   |   0.0.0.0    | 10.0.2.2 |    0.0.0.0    |   enp0s3  |   UG  |Listening on LXD - unix socket.

[[0;32m  OK  [0m] Started iSCSI initiator daemon (iscsid).
[   69.118191] cloud-init[1195]: ci-info: |   1   |   10.0.2.0   | 0.0.0.0  | 255.255.255.0 |   enp0s3  |   U   |
         Starting Login to default iSCSI targets...
[   69.223810] cloud-init[1195]: ci-info: |   2   | 172.28.128.0 | 0.0.0.0  | 255.255.255.0 |   enp0s8  |   U   |
[   69.304886] [cloud-init[0;32m  OK  [0m[1195]: ] ci-info: +-------+--------------+----------+---------------+-----------+-------+Reached target Sockets.

[[0;32m  OK  [0m] Reached target Basic System.
         Starting Apply the settings specified in cloud-config...
         Starting PostgreSQL Cluster 9.5-main...
         Starting LSB: MD monitoring daemon...
         Starting vboxadd-x11.service...
[[0;32m  OK  [0m] Started ACPI event daemon.
         Starting LXD - container startup/shutdown...
         Starting System Logging Service...
         Starting Accounts Service...
         Starting vboxadd.service...
         Starting Login Service...
[[0;32m  OK  [0m] Started Deferred execution scheduler.
[[0;32m  OK  [0m] Started Regular background program processing daemon.
[[0;32m  OK  [0m] Started D-Bus System Message Bus.
[   72.356305] cloud-init[1250]: Cloud-init v. 0.7.9 running 'modules:config' at Mon, 03 Apr 2017 04:18:28 +0000. Up 71.87 seconds.
         Starting A high performance web server and a reverse proxy server...
         Starting /etc/rc.local Compatibility...
[[0;32m  OK  [0m] Started FUSE filesystem for LXC.
         Starting LSB: Record successful boot for GRUB...
         Starting The PHP 7.0 FastCGI Process Manager...
         Starting OpenBSD Secure Shell server...
[[0;32m  OK  [0m] Started Snappy daemon.
         Starting Auto import assertions from block devices...
[[0;32m  OK  [0m] Started System Logging Service.
[[0;1;31mFAILED[0m] Failed to start Login to default iSCSI targets.
See 'systemctl status open-iscsi.service' for details.
[[0;32m  OK  [0m] Started Apply the settings specified in cloud-config.
[[0;32m  OK  [0m] Started PostgreSQL Cluster 9.5-main.
[[0;1;31mFAILED[0m] Failed to start LSB: MD monitoring daemon.
See 'systemctl status mdadm.service' for details.
[[0;32m  OK  [0m] Started vboxadd-x11.service.
[[0;32m  OK  [0m] Started LXD - container startup/shutdown.
[[0;32m  OK  [0m] Started vboxadd.service.
[[0;1;31mFAILED[0m] Failed to start Login Service.
See 'systemctl status systemd-logind.service' for details.
[[0;32m  OK  [0m] Started /etc/rc.local Compatibility.
[[0;32m  OK  [0m] Started Auto import assertions from block devices.
[[0;32m  OK  [0m] Started A high performance web server and a reverse proxy server.
[[0;32m  OK  [0m] Started LSB: Record successful boot for GRUB.
[[0;32m  OK  [0m] Started The PHP 7.0 FastCGI Process Manager.
[[0;1;31m*[0m[0;31m*    [0m] (2 of 2) A start job is running for...ell server (1min 29s / 2min 52s)[K[[0m[0;31m*     [0m] (2 of 2) A start job is running for...ell server (1min 30s / 2min 52s)[K[[0;1;31m*[0m[0;31m*    [0m] (2 of 2) A start job is running for...ell server (1min 32s / 2min 52s)[K[[0;31m*[0;1;31m*[0m[0;31m*   [0m] (1 of 2) A start job is running for...ts Service (1min 33s / 2min 26s)[K[ [0;31m*[0;1;31m*[0m[0;31m*  [0m] (1 of 2) A start job is running for...ts Service (1min 34s / 2min 26s)[K[  [0;31m*[0;1;31m*[0m[0;31m* [0m] (1 of 2) A start job is running for...ts Service (1min 36s / 2min 26s)[K[   [0;31m*[0;1;31m*[0m[0;31m*[0m] (2 of 2) A start job is running for...ell server (1min 37s / 2min 52s)[K[    [0;31m*[0;1;31m*[0m] (2 of 2) A start job is running for...ell server (1min 38s / 2min 52s)[K[     [0;31m*[0m] (2 of 2) A start job is running for...ell server (1min 39s / 2min 52s)[K[    [0;31m*[0;1;31m*[0m] (1 of 2) A start job is running for...ts Service (1min 40s / 2min 26s)[K[   [0;31m*[0;1;31m*[0m[0;31m*[0m] (1 of 2) A start job is running for...ts Service (1min 41s / 2min 26s)[K[  [0;31m*[0;1;31m*[0m[0;31m* [0m] (1 of 2) A start job is running for...ts Service (1min 43s / 2min 26s)[K[ [0;31m*[0;1;31m*[0m[0;31m*  [0m] (2 of 2) A start job is running for...ell server (1min 44s / 2min 52s)[K[[0;31m*[0;1;31m*[0m[0;31m*   [0m] (2 of 2) A start job is running for...ell server (1min 45s / 2min 52s)[K[[0;1;31m*[0m[0;31m*    [0m] (2 of 2) A start job is running for...ell server (1min 47s / 2min 52s)[K[[0m[0;31m*     [0m] (1 of 2) A start job is running for...ts Service (1min 48s / 2min 26s)[K[[0;1;31m*[0m[0;31m*    [0m] (1 of 2) A start job is running for...ts Service (1min 49s / 2min 26s)[K[[0;31m*[0;1;31m*[0m[0;31m*   [0m] (1 of 2) A start job is running for...ts Service (1min 50s / 2min 26s)[K[ [0;31m*[0;1;31m*[0m[0;31m*  [0m] (2 of 2) A start job is running for...ell server (1min 52s / 2min 52s)[K[[0;32m  OK  [0m] Started OpenBSD Secure Shell server.
[[0;32m  OK  [0m] Stopped Login Service.
         Starting Login Service...
         Starting vboxadd-service.service...
         Starting PostgreSQL RDBMS...
[[0;32m  OK  [0m] Reached target Remote File Systems (Pre).
[[0;32m  OK  [0m] Reached target Remote File Systems.
         Starting LSB: Start/stop sysstat's sadc...
         Starting LSB: automatic crash report generation...
         Starting LSB: daemon to balance interrupts for SMP systems...
         Starting LSB: Set the CPU Frequency Scaling governor to "ondemand"...
         Starting Permit User Sessions...
[[0;32m  OK  [0m] Started vboxadd-service.service.
[[0;32m  OK  [0m] Started PostgreSQL RDBMS.
[[0;32m  OK  [0m] Started Permit User Sessions.
[[0;32m  OK  [0m] Started LSB: Start/stop sysstat's sadc.
         Starting Terminate Plymouth Boot Screen...
         Starting Hold until boot process finishes up...
[[0;32m  OK  [0m] Started LSB: automatic crash report generation.
[[0;32m  OK  [0m] Started LSB: daemon to balance interrupts for SMP systems.
[[0;32m  OK  [0m] Started LSB: Set the CPU Frequency Scaling governor to "ondemand".
[[0;32m  OK  [0m] Started Terminate Plymouth Boot Screen.
[[0;32m  OK  [0m] Started Hold until boot process finishes up.
[[0;32m  OK  [0m] Started Getty on tty1.
[[0;32m  OK  [0m] Started Serial Getty on ttyS0.
[[0;32m  OK  [0m] Reached target Login Prompts.
         Starting Set console scheme...
[[0;32m  OK  [0m] Started Set console scheme.

Ubuntu 16.04.2 LTS ubuntu-xenial ttyS0

ubuntu-xenial login: 